# JRE version: OpenJDK Runtime Environment (8.0_152) (build 1.8.0_152-release-1343-b16-5323222)
# Java VM: OpenJDK 64-Bit Server VM (25.152-b16-5323222 mixed mode linux-amd64 compressed oops)
Heap:
 PSYoungGen      total 190464K, used 3550K [0x00000000e0000000, 0x00000000ef180000, 0x0000000100000000)
  eden space 167424K, 0% used [0x00000000e0000000,0x00000000e0000000,0x00000000ea380000)
  from space 23040K, 15% used [0x00000000eaa00000,0x00000000ead77a08,0x00000000ec080000)
  to   space 39936K, 0% used [0x00000000eca80000,0x00000000eca80000,0x00000000ef180000)
 ParOldGen       total 84480K, used 84116K [0x00000000a0000000, 0x00000000a5280000, 0x00000000e0000000)
  object space 84480K, 99% used [0x00000000a0000000,0x00000000a52251d0,0x00000000a5280000)
 Metaspace       used 86665K, capacity 90072K, committed 91928K, reserved 1128448K
  class space    used 11097K, capacity 11714K, committed 12080K, reserved 1048576K
GC Heap History (10 events):
Event: 4034.208 GC heap after
Heap after GC invocations=20 (full 3):
 PSYoungGen      total 214528K, used 18821K [0x00000000e0000000, 0x00000000eee00000, 0x0000000100000000)
  eden space 195584K, 0% used [0x00000000e0000000,0x00000000e0000000,0x00000000ebf00000)
  from space 18944K, 99% used [0x00000000ec700000,0x00000000ed9616e8,0x00000000ed980000)
  to   space 20992K, 0% used [0x00000000ed980000,0x00000000ed980000,0x00000000eee00000)
 ParOldGen       total 84480K, used 42540K [0x00000000a0000000, 0x00000000a5280000, 0x00000000e0000000)
  object space 84480K, 50% used [0x00000000a0000000,0x00000000a298b2c0,0x00000000a5280000)
 Metaspace       used 84403K, capacity 88058K, committed 88216K, reserved 1126400K
  class space    used 11147K, capacity 11841K, committed 11952K, reserved 1048576K
}
Event: 5233.421 GC heap before
{Heap before GC invocations=21 (full 3):
 PSYoungGen      total 214528K, used 214405K [0x00000000e0000000, 0x00000000eee00000, 0x0000000100000000)
  eden space 195584K, 100% used [0x00000000e0000000,0x00000000ebf00000,0x00000000ebf00000)
  from space 18944K, 99% used [0x00000000ec700000,0x00000000ed9616e8,0x00000000ed980000)
  to   space 20992K, 0% used [0x00000000ed980000,0x00000000ed980000,0x00000000eee00000)
 ParOldGen       total 84480K, used 42540K [0x00000000a0000000, 0x00000000a5280000, 0x00000000e0000000)
  object space 84480K, 50% used [0x00000000a0000000,0x00000000a298b2c0,0x00000000a5280000)
 Metaspace       used 85576K, capacity 89490K, committed 89752K, reserved 1126400K
  class space    used 11173K, capacity 11876K, committed 11952K, reserved 1048576K
Event: 5233.559 GC heap after
Heap after GC invocations=21 (full 3):
 PSYoungGen      total 201728K, used 13679K [0x00000000e0000000, 0x00000000ee700000, 0x0000000100000000)
  eden space 187904K, 0% used [0x00000000e0000000,0x00000000e0000000,0x00000000eb780000)
  from space 13824K, 98% used [0x00000000ed980000,0x00000000ee6dbe58,0x00000000ee700000)
  to   space 24064K, 0% used [0x00000000eb800000,0x00000000eb800000,0x00000000ecf80000)
 ParOldGen       total 84480K, used 42556K [0x00000000a0000000, 0x00000000a5280000, 0x00000000e0000000)
  object space 84480K, 50% used [0x00000000a0000000,0x00000000a298f2c0,0x00000000a5280000)
 Metaspace       used 85576K, capacity 89490K, committed 89752K, reserved 1126400K
  class space    used 11173K, capacity 11876K, committed 11952K, reserved 1048576K
}
Event: 6051.099 GC heap before
{Heap before GC invocations=22 (full 3):
 PSYoungGen      total 201728K, used 201583K [0x00000000e0000000, 0x00000000ee700000, 0x0000000100000000)
  eden space 187904K, 100% used [0x00000000e0000000,0x00000000eb780000,0x00000000eb780000)
  from space 13824K, 98% used [0x00000000ed980000,0x00000000ee6dbe58,0x00000000ee700000)
  to   space 24064K, 0% used [0x00000000eb800000,0x00000000eb800000,0x00000000ecf80000)
 ParOldGen       total 84480K, used 42556K [0x00000000a0000000, 0x00000000a5280000, 0x00000000e0000000)
  object space 84480K, 50% used [0x00000000a0000000,0x00000000a298f2c0,0x00000000a5280000)
 Metaspace       used 86147K, capacity 90114K, committed 90264K, reserved 1128448K
  class space    used 11186K, capacity 11895K, committed 11952K, reserved 1048576K
Event: 6051.260 GC heap after
Heap after GC invocations=22 (full 3):
 PSYoungGen      total 192000K, used 11215K [0x00000000e0000000, 0x00000000edd80000, 0x0000000100000000)
  eden space 180736K, 0% used [0x00000000e0000000,0x00000000e0000000,0x00000000eb080000)
  from space 11264K, 99% used [0x00000000eb800000,0x00000000ec2f3e38,0x00000000ec300000)
  to   space 23040K, 0% used [0x00000000ec700000,0x00000000ec700000,0x00000000edd80000)
 ParOldGen       total 84480K, used 42564K [0x00000000a0000000, 0x00000000a5280000, 0x00000000e0000000)
  object space 84480K, 50% used [0x00000000a0000000,0x00000000a29912c0,0x00000000a5280000)
 Metaspace       used 86147K, capacity 90114K, committed 90264K, reserved 1128448K
  class space    used 11186K, capacity 11895K, committed 11952K, reserved 1048576K
}
Event: 6795.049 GC heap before
{Heap before GC invocations=23 (full 3):
 PSYoungGen      total 192000K, used 191951K [0x00000000e0000000, 0x00000000edd80000, 0x0000000100000000)
  eden space 180736K, 100% used [0x00000000e0000000,0x00000000eb080000,0x00000000eb080000)
  from space 11264K, 99% used [0x00000000eb800000,0x00000000ec2f3e38,0x00000000ec300000)
  to   space 23040K, 0% used [0x00000000ec700000,0x00000000ec700000,0x00000000edd80000)
 ParOldGen       total 84480K, used 42564K [0x00000000a0000000, 0x00000000a5280000, 0x00000000e0000000)
  object space 84480K, 50% used [0x00000000a0000000,0x00000000a29912c0,0x00000000a5280000)
 Metaspace       used 87030K, capacity 91184K, committed 91416K, reserved 1128448K
  class space    used 11252K, capacity 11985K, committed 12080K, reserved 1048576K
Event: 6795.114 GC heap after
Heap after GC invocations=23 (full 3):
 PSYoungGen      total 190464K, used 14175K [0x00000000e0000000, 0x00000000ed700000, 0x0000000100000000)
  eden space 174080K, 0% used [0x00000000e0000000,0x00000000e0000000,0x00000000eaa00000)
  from space 16384K, 86% used [0x00000000ec700000,0x00000000ed4d7e48,0x00000000ed700000)
  to   space 23040K, 0% used [0x00000000eaa00000,0x00000000eaa00000,0x00000000ec080000)
 ParOldGen       total 84480K, used 42572K [0x00000000a0000000, 0x00000000a5280000, 0x00000000e0000000)
  object space 84480K, 50% used [0x00000000a0000000,0x00000000a29932c0,0x00000000a5280000)
 Metaspace       used 87030K, capacity 91184K, committed 91416K, reserved 1128448K
  class space    used 11252K, capacity 11985K, committed 12080K, reserved 1048576K
}
Event: 6805.445 GC heap before
{Heap before GC invocations=24 (full 3):
 PSYoungGen      total 190464K, used 188255K [0x00000000e0000000, 0x00000000ed700000, 0x0000000100000000)
  eden space 174080K, 100% used [0x00000000e0000000,0x00000000eaa00000,0x00000000eaa00000)
  from space 16384K, 86% used [0x00000000ec700000,0x00000000ed4d7e48,0x00000000ed700000)
  to   space 23040K, 0% used [0x00000000eaa00000,0x00000000eaa00000,0x00000000ec080000)
 ParOldGen       total 84480K, used 42572K [0x00000000a0000000, 0x00000000a5280000, 0x00000000e0000000)
  object space 84480K, 50% used [0x00000000a0000000,0x00000000a29932c0,0x00000000a5280000)
 Metaspace       used 87309K, capacity 91590K, committed 91928K, reserved 1128448K
  class space    used 11261K, capacity 11991K, committed 12080K, reserved 1048576K
Event: 6805.550 GC heap after
Heap after GC invocations=24 (full 3):
 PSYoungGen      total 190464K, used 23025K [0x00000000e0000000, 0x00000000ef180000, 0x0000000100000000)
  eden space 167424K, 0% used [0x00000000e0000000,0x00000000e0000000,0x00000000ea380000)
  from space 23040K, 99% used [0x00000000eaa00000,0x00000000ec07c550,0x00000000ec080000)
  to   space 39936K, 0% used [0x00000000eca80000,0x00000000eca80000,0x00000000ef180000)
 ParOldGen       total 84480K, used 79621K [0x00000000a0000000, 0x00000000a5280000, 0x00000000e0000000)
  object space 84480K, 94% used [0x00000000a0000000,0x00000000a4dc1600,0x00000000a5280000)
 Metaspace       used 87309K, capacity 91590K, committed 91928K, reserved 1128448K
  class space    used 11261K, capacity 11991K, committed 12080K, reserved 1048576K
}
Event: 6805.550 GC heap before
{Heap before GC invocations=25 (full 4):
 PSYoungGen      total 190464K, used 23025K [0x00000000e0000000, 0x00000000ef180000, 0x0000000100000000)
  eden space 167424K, 0% used [0x00000000e0000000,0x00000000e0000000,0x00000000ea380000)
  from space 23040K, 99% used [0x00000000eaa00000,0x00000000ec07c550,0x00000000ec080000)
  to   space 39936K, 0% used [0x00000000eca80000,0x00000000eca80000,0x00000000ef180000)
 ParOldGen       total 84480K, used 79621K [0x00000000a0000000, 0x00000000a5280000, 0x00000000e0000000)
  object space 84480K, 94% used [0x00000000a0000000,0x00000000a4dc1600,0x00000000a5280000)
 Metaspace       used 87309K, capacity 91590K, committed 91928K, reserved 1128448K
  class space    used 11261K, capacity 11991K, committed 12080K, reserved 1048576K

