# JRE version: OpenJDK Runtime Environment (8.0_152) (build 1.8.0_152-release-1343-b16-5323222)
# Java VM: OpenJDK 64-Bit Server VM (25.152-b16-5323222 mixed mode linux-amd64 compressed oops)
Heap:
 PSYoungGen      total 407552K, used 31716K [0x00000000e0000000, 0x00000000faf00000, 0x0000000100000000)
  eden space 375808K, 0% used [0x00000000e0000000,0x00000000e0000000,0x00000000f6f00000)
  from space 31744K, 99% used [0x00000000f6f00000,0x00000000f8df9358,0x00000000f8e00000)
  to   space 20992K, 0% used [0x00000000f8e00000,0x00000000f8e00000,0x00000000fa280000)
 ParOldGen       total 139264K, used 112306K [0x00000000a0000000, 0x00000000a8800000, 0x00000000e0000000)
  object space 139264K, 80% used [0x00000000a0000000,0x00000000a6dac868,0x00000000a8800000)
 Metaspace       used 86508K, capacity 89736K, committed 90136K, reserved 1128448K
  class space    used 11050K, capacity 11635K, committed 11808K, reserved 1048576K
GC Heap History (10 events):
Event: 37.184 GC heap after
Heap after GC invocations=18 (full 3):
 PSYoungGen      total 235008K, used 6927K [0x00000000e0000000, 0x00000000f5480000, 0x0000000100000000)
  eden space 215040K, 0% used [0x00000000e0000000,0x00000000e0000000,0x00000000ed200000)
  from space 19968K, 34% used [0x00000000ed200000,0x00000000ed8c3d88,0x00000000ee580000)
  to   space 18944K, 0% used [0x00000000f4200000,0x00000000f4200000,0x00000000f5480000)
 ParOldGen       total 75776K, used 37554K [0x00000000a0000000, 0x00000000a4a00000, 0x00000000e0000000)
  object space 75776K, 49% used [0x00000000a0000000,0x00000000a24acbd0,0x00000000a4a00000)
 Metaspace       used 67943K, capacity 69968K, committed 70168K, reserved 1110016K
  class space    used 9001K, capacity 9458K, committed 9504K, reserved 1048576K
}
Event: 48.178 GC heap before
{Heap before GC invocations=19 (full 3):
 PSYoungGen      total 235008K, used 221967K [0x00000000e0000000, 0x00000000f5480000, 0x0000000100000000)
  eden space 215040K, 100% used [0x00000000e0000000,0x00000000ed200000,0x00000000ed200000)
  from space 19968K, 34% used [0x00000000ed200000,0x00000000ed8c3d88,0x00000000ee580000)
  to   space 18944K, 0% used [0x00000000f4200000,0x00000000f4200000,0x00000000f5480000)
 ParOldGen       total 75776K, used 37554K [0x00000000a0000000, 0x00000000a4a00000, 0x00000000e0000000)
  object space 75776K, 49% used [0x00000000a0000000,0x00000000a24acbd0,0x00000000a4a00000)
 Metaspace       used 80849K, capacity 83824K, committed 83992K, reserved 1122304K
  class space    used 10711K, capacity 11270K, committed 11296K, reserved 1048576K
Event: 48.248 GC heap after
Heap after GC invocations=19 (full 3):
 PSYoungGen      total 325632K, used 15381K [0x00000000e0000000, 0x00000000f5480000, 0x0000000100000000)
  eden space 306688K, 0% used [0x00000000e0000000,0x00000000e0000000,0x00000000f2b80000)
  from space 18944K, 81% used [0x00000000f4200000,0x00000000f5105578,0x00000000f5480000)
  to   space 20992K, 0% used [0x00000000f2b80000,0x00000000f2b80000,0x00000000f4000000)
 ParOldGen       total 75776K, used 39957K [0x00000000a0000000, 0x00000000a4a00000, 0x00000000e0000000)
  object space 75776K, 52% used [0x00000000a0000000,0x00000000a2705730,0x00000000a4a00000)
 Metaspace       used 80849K, capacity 83824K, committed 83992K, reserved 1122304K
  class space    used 10711K, capacity 11270K, committed 11296K, reserved 1048576K
}
Event: 1506.173 GC heap before
{Heap before GC invocations=20 (full 3):
 PSYoungGen      total 325632K, used 322069K [0x00000000e0000000, 0x00000000f5480000, 0x0000000100000000)
  eden space 306688K, 100% used [0x00000000e0000000,0x00000000f2b80000,0x00000000f2b80000)
  from space 18944K, 81% used [0x00000000f4200000,0x00000000f5105578,0x00000000f5480000)
  to   space 20992K, 0% used [0x00000000f2b80000,0x00000000f2b80000,0x00000000f4000000)
 ParOldGen       total 75776K, used 39957K [0x00000000a0000000, 0x00000000a4a00000, 0x00000000e0000000)
  object space 75776K, 52% used [0x00000000a0000000,0x00000000a2705730,0x00000000a4a00000)
 Metaspace       used 85372K, capacity 88514K, committed 88728K, reserved 1126400K
  class space    used 11058K, capacity 11634K, committed 11680K, reserved 1048576K
Event: 1506.273 GC heap after
Heap after GC invocations=20 (full 3):
 PSYoungGen      total 327680K, used 11700K [0x00000000e0000000, 0x00000000fa280000, 0x0000000100000000)
  eden space 306688K, 0% used [0x00000000e0000000,0x00000000e0000000,0x00000000f2b80000)
  from space 20992K, 55% used [0x00000000f2b80000,0x00000000f36ed028,0x00000000f4000000)
  to   space 20992K, 0% used [0x00000000f8e00000,0x00000000f8e00000,0x00000000fa280000)
 ParOldGen       total 75776K, used 45554K [0x00000000a0000000, 0x00000000a4a00000, 0x00000000e0000000)
  object space 75776K, 60% used [0x00000000a0000000,0x00000000a2c7c940,0x00000000a4a00000)
 Metaspace       used 85372K, capacity 88514K, committed 88728K, reserved 1126400K
  class space    used 11058K, capacity 11634K, committed 11680K, reserved 1048576K
}
Event: 2933.209 GC heap before
{Heap before GC invocations=21 (full 3):
 PSYoungGen      total 327680K, used 318388K [0x00000000e0000000, 0x00000000fa280000, 0x0000000100000000)
  eden space 306688K, 100% used [0x00000000e0000000,0x00000000f2b80000,0x00000000f2b80000)
  from space 20992K, 55% used [0x00000000f2b80000,0x00000000f36ed028,0x00000000f4000000)
  to   space 20992K, 0% used [0x00000000f8e00000,0x00000000f8e00000,0x00000000fa280000)
 ParOldGen       total 75776K, used 45554K [0x00000000a0000000, 0x00000000a4a00000, 0x00000000e0000000)
  object space 75776K, 60% used [0x00000000a0000000,0x00000000a2c7c940,0x00000000a4a00000)
 Metaspace       used 86196K, capacity 89582K, committed 89880K, reserved 1128448K
  class space    used 11081K, capacity 11695K, committed 11808K, reserved 1048576K
Event: 2933.335 GC heap after
Heap after GC invocations=21 (full 3):
 PSYoungGen      total 396800K, used 20965K [0x00000000e0000000, 0x00000000faf00000, 0x0000000100000000)
  eden space 375808K, 0% used [0x00000000e0000000,0x00000000e0000000,0x00000000f6f00000)
  from space 20992K, 99% used [0x00000000f8e00000,0x00000000fa279448,0x00000000fa280000)
  to   space 31744K, 0% used [0x00000000f6f00000,0x00000000f6f00000,0x00000000f8e00000)
 ParOldGen       total 75776K, used 65553K [0x00000000a0000000, 0x00000000a4a00000, 0x00000000e0000000)
  object space 75776K, 86% used [0x00000000a0000000,0x00000000a4004510,0x00000000a4a00000)
 Metaspace       used 86196K, capacity 89582K, committed 89880K, reserved 1128448K
  class space    used 11081K, capacity 11695K, committed 11808K, reserved 1048576K
}
Event: 2933.335 GC heap before
{Heap before GC invocations=22 (full 4):
 PSYoungGen      total 396800K, used 20965K [0x00000000e0000000, 0x00000000faf00000, 0x0000000100000000)
  eden space 375808K, 0% used [0x00000000e0000000,0x00000000e0000000,0x00000000f6f00000)
  from space 20992K, 99% used [0x00000000f8e00000,0x00000000fa279448,0x00000000fa280000)
  to   space 31744K, 0% used [0x00000000f6f00000,0x00000000f6f00000,0x00000000f8e00000)
 ParOldGen       total 75776K, used 65553K [0x00000000a0000000, 0x00000000a4a00000, 0x00000000e0000000)
  object space 75776K, 86% used [0x00000000a0000000,0x00000000a4004510,0x00000000a4a00000)
 Metaspace       used 86196K, capacity 89582K, committed 89880K, reserved 1128448K
  class space    used 11081K, capacity 11695K, committed 11808K, reserved 1048576K
Event: 2933.982 GC heap after
Heap after GC invocations=22 (full 4):
 PSYoungGen      total 396800K, used 0K [0x00000000e0000000, 0x00000000faf00000, 0x0000000100000000)
  eden space 375808K, 0% used [0x00000000e0000000,0x00000000e0000000,0x00000000f6f00000)
  from space 20992K, 0% used [0x00000000f8e00000,0x00000000f8e00000,0x00000000fa280000)
  to   space 31744K, 0% used [0x00000000f6f00000,0x00000000f6f00000,0x00000000f8e00000)
 ParOldGen       total 139264K, used 74065K [0x00000000a0000000, 0x00000000a8800000, 0x00000000e0000000)
  object space 139264K, 53% used [0x00000000a0000000,0x00000000a4854798,0x00000000a8800000)
 Metaspace       used 85927K, capacity 89052K, committed 89880K, reserved 1128448K
  class space    used 11030K, capacity 11606K, committed 11808K, reserved 1048576K
}
Event: 3289.549 GC heap before
{Heap before GC invocations=23 (full 4):
 PSYoungGen      total 396800K, used 375808K [0x00000000e0000000, 0x00000000faf00000, 0x0000000100000000)
  eden space 375808K, 100% used [0x00000000e0000000,0x00000000f6f00000,0x00000000f6f00000)
  from space 20992K, 0% used [0x00000000f8e00000,0x00000000f8e00000,0x00000000fa280000)
  to   space 31744K, 0% used [0x00000000f6f00000,0x00000000f6f00000,0x00000000f8e00000)
 ParOldGen       total 139264K, used 74065K [0x00000000a0000000, 0x00000000a8800000, 0x00000000e0000000)
  object space 139264K, 53% used [0x00000000a0000000,0x00000000a4854798,0x00000000a8800000)
 Metaspace       used 86508K, capacity 89736K, committed 90136K, reserved 1128448K
  class space    used 11050K, capacity 11635K, committed 11808K, reserved 1048576K

